{"D:\\PERSONAL\\my_project\\assets\\components\\auth\\LoginForm.tsx": {"path":"D:\\PERSONAL\\my_project\\assets\\components\\auth\\LoginForm.tsx","statementMap":{"0":{"start":{"line":5,"column":0},"end":{"line":5,"column":24}},"1":{"start":{"line":1,"column":0},"end":{"line":1,"column":40}},"2":{"start":{"line":2,"column":0},"end":{"line":2,"column":52}},"3":{"start":{"line":3,"column":0},"end":{"line":3,"column":53}},"4":{"start":{"line":6,"column":30},"end":{"line":6,"column":50}},"5":{"start":{"line":7,"column":36},"end":{"line":7,"column":56}},"6":{"start":{"line":8,"column":30},"end":{"line":8,"column":50}},"7":{"start":{"line":9,"column":34},"end":{"line":9,"column":58}},"8":{"start":{"line":10,"column":22},"end":{"line":10,"column":31}},"9":{"start":{"line":11,"column":21},"end":{"line":11,"column":34}},"10":{"start":{"line":13,"column":25},"end":{"line":26,"column":5}},"11":{"start":{"line":14,"column":8},"end":{"line":14,"column":27}},"12":{"start":{"line":15,"column":8},"end":{"line":15,"column":21}},"13":{"start":{"line":16,"column":8},"end":{"line":16,"column":25}},"14":{"start":{"line":18,"column":8},"end":{"line":25,"column":9}},"15":{"start":{"line":19,"column":12},"end":{"line":19,"column":41}},"16":{"start":{"line":20,"column":12},"end":{"line":20,"column":26}},"17":{"start":{"line":22,"column":12},"end":{"line":22,"column":51}},"18":{"start":{"line":24,"column":12},"end":{"line":24,"column":30}},"19":{"start":{"line":28,"column":4},"end":{"line":61,"column":6}},"20":{"start":{"line":39,"column":41},"end":{"line":39,"column":65}},"21":{"start":{"line":49,"column":41},"end":{"line":49,"column":68}}},"fnMap":{"0":{"name":"LoginForm","decl":{"start":{"line":5,"column":24},"end":{"line":5,"column":33}},"loc":{"start":{"line":5,"column":33},"end":{"line":62,"column":1}}},"1":{"name":"(anonymous_1)","decl":{"start":{"line":13,"column":25},"end":{"line":13,"column":30}},"loc":{"start":{"line":13,"column":71},"end":{"line":26,"column":5}}},"2":{"name":"(anonymous_2)","decl":{"start":{"line":39,"column":34},"end":{"line":39,"column":35}},"loc":{"start":{"line":39,"column":41},"end":{"line":39,"column":65}}},"3":{"name":"(anonymous_3)","decl":{"start":{"line":49,"column":34},"end":{"line":49,"column":35}},"loc":{"start":{"line":49,"column":41},"end":{"line":49,"column":68}}}},"branchMap":{"0":{"loc":{"start":{"line":32,"column":17},"end":{"line":32,"column":70}},"type":"binary-expr","locations":[{"start":{"line":32,"column":17},"end":{"line":32,"column":22}},{"start":{"line":32,"column":26},"end":{"line":32,"column":70}}]},"1":{"loc":{"start":{"line":54,"column":21},"end":{"line":54,"column":56}},"type":"cond-expr","locations":[{"start":{"line":54,"column":31},"end":{"line":54,"column":46}},{"start":{"line":54,"column":49},"end":{"line":54,"column":56}}]}},"s":{"0":1,"1":1,"2":1,"3":1,"4":73,"5":73,"6":73,"7":73,"8":73,"9":73,"10":73,"11":3,"12":3,"13":3,"14":3,"15":3,"16":2,"17":1,"18":3,"19":73,"20":39,"21":23},"f":{"0":73,"1":3,"2":39,"3":23},"b":{"0":[73,1],"1":[3,70]}}
,"D:\\PERSONAL\\my_project\\assets\\components\\auth\\RegisterForm.tsx": {"path":"D:\\PERSONAL\\my_project\\assets\\components\\auth\\RegisterForm.tsx","statementMap":{"0":{"start":{"line":5,"column":0},"end":{"line":5,"column":24}},"1":{"start":{"line":1,"column":0},"end":{"line":1,"column":40}},"2":{"start":{"line":2,"column":0},"end":{"line":2,"column":52}},"3":{"start":{"line":3,"column":0},"end":{"line":3,"column":53}},"4":{"start":{"line":6,"column":30},"end":{"line":6,"column":50}},"5":{"start":{"line":7,"column":36},"end":{"line":7,"column":56}},"6":{"start":{"line":8,"column":50},"end":{"line":8,"column":70}},"7":{"start":{"line":9,"column":30},"end":{"line":9,"column":50}},"8":{"start":{"line":10,"column":34},"end":{"line":10,"column":58}},"9":{"start":{"line":11,"column":25},"end":{"line":11,"column":34}},"10":{"start":{"line":12,"column":21},"end":{"line":12,"column":34}},"11":{"start":{"line":14,"column":25},"end":{"line":33,"column":5}},"12":{"start":{"line":15,"column":8},"end":{"line":15,"column":27}},"13":{"start":{"line":16,"column":8},"end":{"line":16,"column":21}},"14":{"start":{"line":18,"column":8},"end":{"line":21,"column":9}},"15":{"start":{"line":19,"column":12},"end":{"line":19,"column":48}},"16":{"start":{"line":20,"column":12},"end":{"line":20,"column":19}},"17":{"start":{"line":23,"column":8},"end":{"line":23,"column":25}},"18":{"start":{"line":25,"column":8},"end":{"line":32,"column":9}},"19":{"start":{"line":26,"column":12},"end":{"line":26,"column":44}},"20":{"start":{"line":27,"column":12},"end":{"line":27,"column":31}},"21":{"start":{"line":29,"column":12},"end":{"line":29,"column":74}},"22":{"start":{"line":31,"column":12},"end":{"line":31,"column":30}},"23":{"start":{"line":35,"column":4},"end":{"line":79,"column":6}},"24":{"start":{"line":46,"column":41},"end":{"line":46,"column":65}},"25":{"start":{"line":56,"column":41},"end":{"line":56,"column":68}},"26":{"start":{"line":67,"column":41},"end":{"line":67,"column":75}}},"fnMap":{"0":{"name":"RegisterForm","decl":{"start":{"line":5,"column":24},"end":{"line":5,"column":36}},"loc":{"start":{"line":5,"column":36},"end":{"line":80,"column":1}}},"1":{"name":"(anonymous_1)","decl":{"start":{"line":14,"column":25},"end":{"line":14,"column":30}},"loc":{"start":{"line":14,"column":71},"end":{"line":33,"column":5}}},"2":{"name":"(anonymous_2)","decl":{"start":{"line":46,"column":34},"end":{"line":46,"column":35}},"loc":{"start":{"line":46,"column":41},"end":{"line":46,"column":65}}},"3":{"name":"(anonymous_3)","decl":{"start":{"line":56,"column":34},"end":{"line":56,"column":35}},"loc":{"start":{"line":56,"column":41},"end":{"line":56,"column":68}}},"4":{"name":"(anonymous_4)","decl":{"start":{"line":67,"column":34},"end":{"line":67,"column":35}},"loc":{"start":{"line":67,"column":41},"end":{"line":67,"column":75}}}},"branchMap":{"0":{"loc":{"start":{"line":18,"column":8},"end":{"line":21,"column":9}},"type":"if","locations":[{"start":{"line":18,"column":8},"end":{"line":21,"column":9}},{"start":{},"end":{}}]},"1":{"loc":{"start":{"line":39,"column":17},"end":{"line":39,"column":70}},"type":"binary-expr","locations":[{"start":{"line":39,"column":17},"end":{"line":39,"column":22}},{"start":{"line":39,"column":26},"end":{"line":39,"column":70}}]},"2":{"loc":{"start":{"line":72,"column":21},"end":{"line":72,"column":60}},"type":"cond-expr","locations":[{"start":{"line":72,"column":31},"end":{"line":72,"column":47}},{"start":{"line":72,"column":50},"end":{"line":72,"column":60}}]}},"s":{"0":1,"1":1,"2":1,"3":1,"4":136,"5":136,"6":136,"7":136,"8":136,"9":136,"10":136,"11":136,"12":4,"13":4,"14":4,"15":1,"16":1,"17":3,"18":3,"19":3,"20":2,"21":1,"22":3,"23":136,"24":50,"25":36,"26":37},"f":{"0":136,"1":4,"2":50,"3":36,"4":37},"b":{"0":[1,3],"1":[136,2],"2":[3,133]}}
,"D:\\PERSONAL\\my_project\\assets\\components\\board\\AddCardForm.tsx": {"path":"D:\\PERSONAL\\my_project\\assets\\components\\board\\AddCardForm.tsx","statementMap":{"0":{"start":{"line":10,"column":0},"end":{"line":10,"column":24}},"1":{"start":{"line":1,"column":0},"end":{"line":1,"column":40}},"2":{"start":{"line":2,"column":0},"end":{"line":2,"column":54}},"3":{"start":{"line":3,"column":0},"end":{"line":3,"column":60}},"4":{"start":{"line":4,"column":0},"end":{"line":4,"column":44}},"5":{"start":{"line":11,"column":32},"end":{"line":11,"column":56}},"6":{"start":{"line":12,"column":30},"end":{"line":12,"column":50}},"7":{"start":{"line":13,"column":39},"end":{"line":13,"column":49}},"8":{"start":{"line":15,"column":25},"end":{"line":35,"column":5}},"9":{"start":{"line":16,"column":8},"end":{"line":16,"column":27}},"10":{"start":{"line":17,"column":8},"end":{"line":17,"column":34}},"11":{"start":{"line":17,"column":27},"end":{"line":17,"column":34}},"12":{"start":{"line":19,"column":24},"end":{"line":19,"column":36}},"13":{"start":{"line":20,"column":23},"end":{"line":20,"column":34}},"14":{"start":{"line":21,"column":25},"end":{"line":21,"column":104}},"15":{"start":{"line":23,"column":30},"end":{"line":23,"column":50}},"16":{"start":{"line":24,"column":8},"end":{"line":24,"column":78}},"17":{"start":{"line":25,"column":8},"end":{"line":25,"column":21}},"18":{"start":{"line":26,"column":8},"end":{"line":26,"column":25}},"19":{"start":{"line":28,"column":8},"end":{"line":34,"column":15}},"20":{"start":{"line":30,"column":16},"end":{"line":30,"column":85}},"21":{"start":{"line":33,"column":16},"end":{"line":33,"column":71}},"22":{"start":{"line":37,"column":4},"end":{"line":46,"column":5}},"23":{"start":{"line":38,"column":8},"end":{"line":45,"column":10}},"24":{"start":{"line":41,"column":31},"end":{"line":41,"column":46}},"25":{"start":{"line":48,"column":4},"end":{"line":73,"column":6}},"26":{"start":{"line":54,"column":33},"end":{"line":54,"column":57}},"27":{"start":{"line":65,"column":24},"end":{"line":65,"column":41}},"28":{"start":{"line":66,"column":24},"end":{"line":66,"column":37}}},"fnMap":{"0":{"name":"AddCardForm","decl":{"start":{"line":10,"column":24},"end":{"line":10,"column":35}},"loc":{"start":{"line":10,"column":66},"end":{"line":74,"column":1}}},"1":{"name":"(anonymous_10)","decl":{"start":{"line":15,"column":25},"end":{"line":15,"column":26}},"loc":{"start":{"line":15,"column":65},"end":{"line":35,"column":5}}},"2":{"name":"(anonymous_11)","decl":{"start":{"line":29,"column":18},"end":{"line":29,"column":19}},"loc":{"start":{"line":29,"column":31},"end":{"line":31,"column":13}}},"3":{"name":"(anonymous_12)","decl":{"start":{"line":32,"column":19},"end":{"line":32,"column":22}},"loc":{"start":{"line":32,"column":24},"end":{"line":34,"column":13}}},"4":{"name":"(anonymous_13)","decl":{"start":{"line":41,"column":25},"end":{"line":41,"column":28}},"loc":{"start":{"line":41,"column":31},"end":{"line":41,"column":46}}},"5":{"name":"(anonymous_14)","decl":{"start":{"line":54,"column":26},"end":{"line":54,"column":27}},"loc":{"start":{"line":54,"column":33},"end":{"line":54,"column":57}}},"6":{"name":"(anonymous_15)","decl":{"start":{"line":64,"column":29},"end":{"line":64,"column":32}},"loc":{"start":{"line":64,"column":34},"end":{"line":67,"column":21}}}},"branchMap":{"0":{"loc":{"start":{"line":17,"column":8},"end":{"line":17,"column":34}},"type":"if","locations":[{"start":{"line":17,"column":8},"end":{"line":17,"column":34}},{"start":{},"end":{}}]},"1":{"loc":{"start":{"line":37,"column":4},"end":{"line":46,"column":5}},"type":"if","locations":[{"start":{"line":37,"column":4},"end":{"line":46,"column":5}},{"start":{},"end":{}}]}},"s":{"0":3,"1":3,"2":3,"3":3,"4":3,"5":112,"6":112,"7":112,"8":112,"9":3,"10":3,"11":1,"12":2,"13":2,"14":2,"15":2,"16":2,"17":2,"18":2,"19":2,"20":1,"21":1,"22":112,"23":87,"24":5,"25":25,"26":20,"27":1,"28":1},"f":{"0":112,"1":3,"2":1,"3":1,"4":5,"5":20,"6":1},"b":{"0":[1,2],"1":[87,25]}}
,"D:\\PERSONAL\\my_project\\assets\\components\\board\\AddColumnForm.tsx": {"path":"D:\\PERSONAL\\my_project\\assets\\components\\board\\AddColumnForm.tsx","statementMap":{"0":{"start":{"line":10,"column":0},"end":{"line":10,"column":24}},"1":{"start":{"line":1,"column":0},"end":{"line":1,"column":40}},"2":{"start":{"line":2,"column":0},"end":{"line":2,"column":54}},"3":{"start":{"line":3,"column":0},"end":{"line":3,"column":60}},"4":{"start":{"line":4,"column":0},"end":{"line":4,"column":48}},"5":{"start":{"line":11,"column":32},"end":{"line":11,"column":56}},"6":{"start":{"line":12,"column":30},"end":{"line":12,"column":50}},"7":{"start":{"line":13,"column":39},"end":{"line":13,"column":49}},"8":{"start":{"line":15,"column":25},"end":{"line":35,"column":5}},"9":{"start":{"line":16,"column":8},"end":{"line":16,"column":27}},"10":{"start":{"line":17,"column":8},"end":{"line":17,"column":34}},"11":{"start":{"line":17,"column":27},"end":{"line":17,"column":34}},"12":{"start":{"line":19,"column":24},"end":{"line":19,"column":36}},"13":{"start":{"line":20,"column":23},"end":{"line":20,"column":34}},"14":{"start":{"line":21,"column":27},"end":{"line":21,"column":100}},"15":{"start":{"line":23,"column":30},"end":{"line":23,"column":50}},"16":{"start":{"line":24,"column":8},"end":{"line":24,"column":62}},"17":{"start":{"line":25,"column":8},"end":{"line":25,"column":21}},"18":{"start":{"line":26,"column":8},"end":{"line":26,"column":25}},"19":{"start":{"line":28,"column":8},"end":{"line":34,"column":15}},"20":{"start":{"line":30,"column":16},"end":{"line":30,"column":119}},"21":{"start":{"line":33,"column":16},"end":{"line":33,"column":71}},"22":{"start":{"line":37,"column":4},"end":{"line":48,"column":5}},"23":{"start":{"line":38,"column":8},"end":{"line":47,"column":10}},"24":{"start":{"line":42,"column":35},"end":{"line":42,"column":50}},"25":{"start":{"line":50,"column":4},"end":{"line":77,"column":6}},"26":{"start":{"line":57,"column":37},"end":{"line":57,"column":61}},"27":{"start":{"line":68,"column":28},"end":{"line":68,"column":45}},"28":{"start":{"line":69,"column":28},"end":{"line":69,"column":41}}},"fnMap":{"0":{"name":"AddColumnForm","decl":{"start":{"line":10,"column":24},"end":{"line":10,"column":37}},"loc":{"start":{"line":10,"column":69},"end":{"line":78,"column":1}}},"1":{"name":"(anonymous_10)","decl":{"start":{"line":15,"column":25},"end":{"line":15,"column":26}},"loc":{"start":{"line":15,"column":65},"end":{"line":35,"column":5}}},"2":{"name":"(anonymous_11)","decl":{"start":{"line":29,"column":18},"end":{"line":29,"column":19}},"loc":{"start":{"line":29,"column":33},"end":{"line":31,"column":13}}},"3":{"name":"(anonymous_12)","decl":{"start":{"line":32,"column":19},"end":{"line":32,"column":22}},"loc":{"start":{"line":32,"column":24},"end":{"line":34,"column":13}}},"4":{"name":"(anonymous_13)","decl":{"start":{"line":42,"column":29},"end":{"line":42,"column":32}},"loc":{"start":{"line":42,"column":35},"end":{"line":42,"column":50}}},"5":{"name":"(anonymous_14)","decl":{"start":{"line":57,"column":30},"end":{"line":57,"column":31}},"loc":{"start":{"line":57,"column":37},"end":{"line":57,"column":61}}},"6":{"name":"(anonymous_15)","decl":{"start":{"line":67,"column":33},"end":{"line":67,"column":36}},"loc":{"start":{"line":67,"column":38},"end":{"line":70,"column":25}}}},"branchMap":{"0":{"loc":{"start":{"line":17,"column":8},"end":{"line":17,"column":34}},"type":"if","locations":[{"start":{"line":17,"column":8},"end":{"line":17,"column":34}},{"start":{},"end":{}}]},"1":{"loc":{"start":{"line":37,"column":4},"end":{"line":48,"column":5}},"type":"if","locations":[{"start":{"line":37,"column":4},"end":{"line":48,"column":5}},{"start":{},"end":{}}]}},"s":{"0":2,"1":2,"2":2,"3":2,"4":2,"5":47,"6":47,"7":47,"8":47,"9":3,"10":3,"11":1,"12":2,"13":2,"14":2,"15":2,"16":2,"17":2,"18":2,"19":2,"20":1,"21":1,"22":47,"23":18,"24":5,"25":29,"26":24,"27":1,"28":1},"f":{"0":47,"1":3,"2":1,"3":1,"4":5,"5":24,"6":1},"b":{"0":[1,2],"1":[18,29]}}
,"D:\\PERSONAL\\my_project\\assets\\components\\board\\BoardList.tsx": {"path":"D:\\PERSONAL\\my_project\\assets\\components\\board\\BoardList.tsx","statementMap":{"0":{"start":{"line":6,"column":0},"end":{"line":6,"column":24}},"1":{"start":{"line":1,"column":0},"end":{"line":1,"column":51}},"2":{"start":{"line":2,"column":0},"end":{"line":2,"column":47}},"3":{"start":{"line":4,"column":0},"end":{"line":4,"column":46}},"4":{"start":{"line":7,"column":32},"end":{"line":7,"column":60}},"5":{"start":{"line":8,"column":36},"end":{"line":8,"column":56}},"6":{"start":{"line":9,"column":34},"end":{"line":9,"column":57}},"7":{"start":{"line":10,"column":21},"end":{"line":10,"column":34}},"8":{"start":{"line":12,"column":4},"end":{"line":17,"column":11}},"9":{"start":{"line":13,"column":8},"end":{"line":16,"column":11}},"10":{"start":{"line":14,"column":12},"end":{"line":14,"column":28}},"11":{"start":{"line":15,"column":12},"end":{"line":15,"column":30}},"12":{"start":{"line":19,"column":25},"end":{"line":25,"column":5}},"13":{"start":{"line":20,"column":8},"end":{"line":20,"column":27}},"14":{"start":{"line":21,"column":8},"end":{"line":21,"column":37}},"15":{"start":{"line":21,"column":30},"end":{"line":21,"column":37}},"16":{"start":{"line":23,"column":22},"end":{"line":23,"column":66}},"17":{"start":{"line":24,"column":8},"end":{"line":24,"column":40}},"18":{"start":{"line":27,"column":25},"end":{"line":30,"column":5}},"19":{"start":{"line":28,"column":8},"end":{"line":28,"column":40}},"20":{"start":{"line":29,"column":8},"end":{"line":29,"column":53}},"21":{"start":{"line":29,"column":39},"end":{"line":29,"column":50}},"22":{"start":{"line":32,"column":4},"end":{"line":32,"column":73}},"23":{"start":{"line":32,"column":17},"end":{"line":32,"column":73}},"24":{"start":{"line":34,"column":4},"end":{"line":69,"column":6}},"25":{"start":{"line":42,"column":37},"end":{"line":42,"column":64}},"26":{"start":{"line":50,"column":20},"end":{"line":50,"column":40}},"27":{"start":{"line":51,"column":43},"end":{"line":51,"column":74}},"28":{"start":{"line":55,"column":43},"end":{"line":55,"column":65}}},"fnMap":{"0":{"name":"BoardList","decl":{"start":{"line":6,"column":24},"end":{"line":6,"column":33}},"loc":{"start":{"line":6,"column":33},"end":{"line":70,"column":1}}},"1":{"name":"(anonymous_10)","decl":{"start":{"line":12,"column":14},"end":{"line":12,"column":17}},"loc":{"start":{"line":12,"column":19},"end":{"line":17,"column":5}}},"2":{"name":"(anonymous_11)","decl":{"start":{"line":13,"column":35},"end":{"line":13,"column":36}},"loc":{"start":{"line":13,"column":44},"end":{"line":16,"column":9}}},"3":{"name":"(anonymous_12)","decl":{"start":{"line":19,"column":25},"end":{"line":19,"column":30}},"loc":{"start":{"line":19,"column":71},"end":{"line":25,"column":5}}},"4":{"name":"(anonymous_13)","decl":{"start":{"line":27,"column":25},"end":{"line":27,"column":30}},"loc":{"start":{"line":27,"column":46},"end":{"line":30,"column":5}}},"5":{"name":"(anonymous_14)","decl":{"start":{"line":29,"column":32},"end":{"line":29,"column":33}},"loc":{"start":{"line":29,"column":39},"end":{"line":29,"column":50}}},"6":{"name":"(anonymous_15)","decl":{"start":{"line":42,"column":30},"end":{"line":42,"column":31}},"loc":{"start":{"line":42,"column":37},"end":{"line":42,"column":64}}},"7":{"name":"(anonymous_16)","decl":{"start":{"line":49,"column":28},"end":{"line":49,"column":29}},"loc":{"start":{"line":50,"column":20},"end":{"line":50,"column":40}}},"8":{"name":"(anonymous_17)","decl":{"start":{"line":51,"column":37},"end":{"line":51,"column":40}},"loc":{"start":{"line":51,"column":43},"end":{"line":51,"column":74}}},"9":{"name":"(anonymous_18)","decl":{"start":{"line":55,"column":37},"end":{"line":55,"column":40}},"loc":{"start":{"line":55,"column":43},"end":{"line":55,"column":65}}}},"branchMap":{"0":{"loc":{"start":{"line":21,"column":8},"end":{"line":21,"column":37}},"type":"if","locations":[{"start":{"line":21,"column":8},"end":{"line":21,"column":37}},{"start":{},"end":{}}]},"1":{"loc":{"start":{"line":32,"column":4},"end":{"line":32,"column":73}},"type":"if","locations":[{"start":{"line":32,"column":4},"end":{"line":32,"column":73}},{"start":{},"end":{}}]},"2":{"loc":{"start":{"line":62,"column":17},"end":{"line":65,"column":null}},"type":"binary-expr","locations":[{"start":{"line":62,"column":17},"end":{"line":62,"column":36}},{"start":{"line":63,"column":20},"end":{"line":63,"column":null}}]}},"s":{"0":1,"1":1,"2":1,"3":1,"4":23,"5":23,"6":23,"7":23,"8":23,"9":7,"10":6,"11":6,"12":23,"13":2,"14":2,"15":1,"16":1,"17":1,"18":23,"19":1,"20":1,"21":1,"22":23,"23":7,"24":16,"25":9,"26":4,"27":1,"28":1},"f":{"0":23,"1":7,"2":6,"3":2,"4":1,"5":1,"6":9,"7":4,"8":1,"9":1},"b":{"0":[1,1],"1":[7,16],"2":[16,13]}}
,"D:\\PERSONAL\\my_project\\assets\\components\\board\\BoardView.tsx": {"path":"D:\\PERSONAL\\my_project\\assets\\components\\board\\BoardView.tsx","statementMap":{"0":{"start":{"line":11,"column":0},"end":{"line":11,"column":24}},"1":{"start":{"line":1,"column":0},"end":{"line":1,"column":51}},"2":{"start":{"line":2,"column":0},"end":{"line":2,"column":58}},"3":{"start":{"line":3,"column":0},"end":{"line":3,"column":75}},"4":{"start":{"line":4,"column":0},"end":{"line":4,"column":54}},"5":{"start":{"line":5,"column":0},"end":{"line":5,"column":60}},"6":{"start":{"line":6,"column":0},"end":{"line":6,"column":46}},"7":{"start":{"line":7,"column":0},"end":{"line":7,"column":44}},"8":{"start":{"line":8,"column":0},"end":{"line":8,"column":30}},"9":{"start":{"line":9,"column":0},"end":{"line":9,"column":44}},"10":{"start":{"line":12,"column":19},"end":{"line":12,"column":46}},"11":{"start":{"line":13,"column":32},"end":{"line":13,"column":42}},"12":{"start":{"line":14,"column":34},"end":{"line":14,"column":57}},"13":{"start":{"line":15,"column":21},"end":{"line":15,"column":34}},"14":{"start":{"line":17,"column":4},"end":{"line":25,"column":33}},"15":{"start":{"line":18,"column":8},"end":{"line":18,"column":24}},"16":{"start":{"line":18,"column":17},"end":{"line":18,"column":24}},"17":{"start":{"line":19,"column":8},"end":{"line":24,"column":11}},"18":{"start":{"line":20,"column":12},"end":{"line":20,"column":60}},"19":{"start":{"line":21,"column":12},"end":{"line":21,"column":30}},"20":{"start":{"line":23,"column":12},"end":{"line":23,"column":26}},"21":{"start":{"line":27,"column":22},"end":{"line":55,"column":5}},"22":{"start":{"line":28,"column":40},"end":{"line":28,"column":46}},"23":{"start":{"line":29,"column":8},"end":{"line":29,"column":33}},"24":{"start":{"line":29,"column":26},"end":{"line":29,"column":33}},"25":{"start":{"line":30,"column":8},"end":{"line":35,"column":9}},"26":{"start":{"line":34,"column":12},"end":{"line":34,"column":19}},"27":{"start":{"line":37,"column":30},"end":{"line":37,"column":50}},"28":{"start":{"line":39,"column":8},"end":{"line":42,"column":11}},"29":{"start":{"line":44,"column":26},"end":{"line":45,"column":null}},"30":{"start":{"line":45,"column":19},"end":{"line":45,"column":56}},"31":{"start":{"line":47,"column":8},"end":{"line":47,"column":31}},"32":{"start":{"line":47,"column":24},"end":{"line":47,"column":31}},"33":{"start":{"line":48,"column":21},"end":{"line":48,"column":50}},"34":{"start":{"line":50,"column":8},"end":{"line":54,"column":15}},"35":{"start":{"line":53,"column":16},"end":{"line":53,"column":71}},"36":{"start":{"line":57,"column":4},"end":{"line":57,"column":72}},"37":{"start":{"line":57,"column":17},"end":{"line":57,"column":72}},"38":{"start":{"line":59,"column":4},"end":{"line":76,"column":6}},"39":{"start":{"line":63,"column":39},"end":{"line":63,"column":52}},"40":{"start":{"line":70,"column":24},"end":{"line":70,"column":48}}},"fnMap":{"0":{"name":"BoardView","decl":{"start":{"line":11,"column":24},"end":{"line":11,"column":33}},"loc":{"start":{"line":11,"column":33},"end":{"line":77,"column":1}}},"1":{"name":"(anonymous_11)","decl":{"start":{"line":17,"column":14},"end":{"line":17,"column":17}},"loc":{"start":{"line":17,"column":19},"end":{"line":25,"column":5}}},"2":{"name":"(anonymous_12)","decl":{"start":{"line":19,"column":36},"end":{"line":19,"column":37}},"loc":{"start":{"line":19,"column":46},"end":{"line":22,"column":9}}},"3":{"name":"(anonymous_13)","decl":{"start":{"line":22,"column":17},"end":{"line":22,"column":20}},"loc":{"start":{"line":22,"column":22},"end":{"line":24,"column":9}}},"4":{"name":"(anonymous_14)","decl":{"start":{"line":27,"column":22},"end":{"line":27,"column":23}},"loc":{"start":{"line":27,"column":45},"end":{"line":55,"column":5}}},"5":{"name":"(anonymous_15)","decl":{"start":{"line":45,"column":12},"end":{"line":45,"column":13}},"loc":{"start":{"line":45,"column":19},"end":{"line":45,"column":56}}},"6":{"name":"(anonymous_16)","decl":{"start":{"line":52,"column":19},"end":{"line":52,"column":22}},"loc":{"start":{"line":52,"column":24},"end":{"line":54,"column":13}}},"7":{"name":"(anonymous_17)","decl":{"start":{"line":63,"column":33},"end":{"line":63,"column":36}},"loc":{"start":{"line":63,"column":39},"end":{"line":63,"column":52}}},"8":{"name":"(anonymous_18)","decl":{"start":{"line":69,"column":39},"end":{"line":69,"column":40}},"loc":{"start":{"line":70,"column":24},"end":{"line":70,"column":48}}}},"branchMap":{"0":{"loc":{"start":{"line":18,"column":8},"end":{"line":18,"column":24}},"type":"if","locations":[{"start":{"line":18,"column":8},"end":{"line":18,"column":24}},{"start":{},"end":{}}]},"1":{"loc":{"start":{"line":29,"column":8},"end":{"line":29,"column":33}},"type":"if","locations":[{"start":{"line":29,"column":8},"end":{"line":29,"column":33}},{"start":{},"end":{}}]},"2":{"loc":{"start":{"line":30,"column":8},"end":{"line":35,"column":9}},"type":"if","locations":[{"start":{"line":30,"column":8},"end":{"line":35,"column":9}},{"start":{},"end":{}}]},"3":{"loc":{"start":{"line":31,"column":12},"end":{"line":32,"column":46}},"type":"binary-expr","locations":[{"start":{"line":31,"column":12},"end":{"line":31,"column":58}},{"start":{"line":32,"column":12},"end":{"line":32,"column":46}}]},"4":{"loc":{"start":{"line":47,"column":8},"end":{"line":47,"column":31}},"type":"if","locations":[{"start":{"line":47,"column":8},"end":{"line":47,"column":31}},{"start":{},"end":{}}]},"5":{"loc":{"start":{"line":57,"column":4},"end":{"line":57,"column":72}},"type":"if","locations":[{"start":{"line":57,"column":4},"end":{"line":57,"column":72}},{"start":{},"end":{}}]}},"s":{"0":1,"1":1,"2":1,"3":1,"4":1,"5":1,"6":1,"7":1,"8":1,"9":1,"10":18,"11":18,"12":18,"13":18,"14":18,"15":9,"16":0,"17":9,"18":7,"19":7,"20":1,"21":18,"22":4,"23":4,"24":1,"25":3,"26":1,"27":2,"28":2,"29":2,"30":2,"31":2,"32":0,"33":2,"34":2,"35":1,"36":18,"37":9,"38":9,"39":1,"40":18},"f":{"0":18,"1":9,"2":7,"3":1,"4":4,"5":2,"6":1,"7":1,"8":18},"b":{"0":[0,9],"1":[1,3],"2":[1,2],"3":[3,1],"4":[0,2],"5":[9,9]}}
,"D:\\PERSONAL\\my_project\\assets\\components\\board\\Card.tsx": {"path":"D:\\PERSONAL\\my_project\\assets\\components\\board\\Card.tsx","statementMap":{"0":{"start":{"line":14,"column":0},"end":{"line":14,"column":24}},"1":{"start":{"line":1,"column":0},"end":{"line":1,"column":40}},"2":{"start":{"line":2,"column":0},"end":{"line":2,"column":46}},"3":{"start":{"line":4,"column":0},"end":{"line":4,"column":54}},"4":{"start":{"line":5,"column":0},"end":{"line":5,"column":60}},"5":{"start":{"line":6,"column":0},"end":{"line":6,"column":44}},"6":{"start":{"line":15,"column":39},"end":{"line":15,"column":49}},"7":{"start":{"line":16,"column":38},"end":{"line":16,"column":62}},"8":{"start":{"line":17,"column":30},"end":{"line":17,"column":58}},"9":{"start":{"line":19,"column":23},"end":{"line":33,"column":5}},"10":{"start":{"line":20,"column":8},"end":{"line":20,"column":34}},"11":{"start":{"line":20,"column":27},"end":{"line":20,"column":34}},"12":{"start":{"line":21,"column":24},"end":{"line":21,"column":36}},"13":{"start":{"line":22,"column":30},"end":{"line":22,"column":50}},"14":{"start":{"line":24,"column":8},"end":{"line":27,"column":11}},"15":{"start":{"line":28,"column":8},"end":{"line":28,"column":28}},"16":{"start":{"line":30,"column":8},"end":{"line":32,"column":11}},"17":{"start":{"line":31,"column":12},"end":{"line":31,"column":67}},"18":{"start":{"line":35,"column":25},"end":{"line":44,"column":5}},"19":{"start":{"line":36,"column":30},"end":{"line":36,"column":50}},"20":{"start":{"line":37,"column":8},"end":{"line":37,"column":82}},"21":{"start":{"line":39,"column":8},"end":{"line":43,"column":9}},"22":{"start":{"line":40,"column":12},"end":{"line":42,"column":15}},"23":{"start":{"line":41,"column":16},"end":{"line":41,"column":71}},"24":{"start":{"line":46,"column":26},"end":{"line":52,"column":5}},"25":{"start":{"line":47,"column":8},"end":{"line":47,"column":44}},"26":{"start":{"line":47,"column":31},"end":{"line":47,"column":44}},"27":{"start":{"line":48,"column":8},"end":{"line":51,"column":9}},"28":{"start":{"line":49,"column":12},"end":{"line":49,"column":33}},"29":{"start":{"line":50,"column":12},"end":{"line":50,"column":32}},"30":{"start":{"line":54,"column":4},"end":{"line":95,"column":6}},"31":{"start":{"line":57,"column":16},"end":{"line":91,"column":null}},"32":{"start":{"line":67,"column":45},"end":{"line":67,"column":69}},"33":{"start":{"line":76,"column":53},"end":{"line":76,"column":71}}},"fnMap":{"0":{"name":"CardItem","decl":{"start":{"line":14,"column":24},"end":{"line":14,"column":32}},"loc":{"start":{"line":14,"column":73},"end":{"line":96,"column":1}}},"1":{"name":"(anonymous_10)","decl":{"start":{"line":19,"column":23},"end":{"line":19,"column":26}},"loc":{"start":{"line":19,"column":28},"end":{"line":33,"column":5}}},"2":{"name":"(anonymous_11)","decl":{"start":{"line":30,"column":63},"end":{"line":30,"column":66}},"loc":{"start":{"line":30,"column":68},"end":{"line":32,"column":9}}},"3":{"name":"(anonymous_12)","decl":{"start":{"line":35,"column":25},"end":{"line":35,"column":28}},"loc":{"start":{"line":35,"column":30},"end":{"line":44,"column":5}}},"4":{"name":"(anonymous_13)","decl":{"start":{"line":40,"column":47},"end":{"line":40,"column":50}},"loc":{"start":{"line":40,"column":52},"end":{"line":42,"column":13}}},"5":{"name":"(anonymous_14)","decl":{"start":{"line":46,"column":26},"end":{"line":46,"column":27}},"loc":{"start":{"line":46,"column":71},"end":{"line":52,"column":5}}},"6":{"name":"(anonymous_15)","decl":{"start":{"line":56,"column":13},"end":{"line":56,"column":14}},"loc":{"start":{"line":57,"column":16},"end":{"line":91,"column":null}}},"7":{"name":"(anonymous_16)","decl":{"start":{"line":67,"column":38},"end":{"line":67,"column":39}},"loc":{"start":{"line":67,"column":45},"end":{"line":67,"column":69}}},"8":{"name":"(anonymous_17)","decl":{"start":{"line":76,"column":47},"end":{"line":76,"column":50}},"loc":{"start":{"line":76,"column":53},"end":{"line":76,"column":71}}}},"branchMap":{"0":{"loc":{"start":{"line":20,"column":8},"end":{"line":20,"column":34}},"type":"if","locations":[{"start":{"line":20,"column":8},"end":{"line":20,"column":34}},{"start":{},"end":{}}]},"1":{"loc":{"start":{"line":39,"column":8},"end":{"line":43,"column":9}},"type":"if","locations":[{"start":{"line":39,"column":8},"end":{"line":43,"column":9}},{"start":{},"end":{}}]},"2":{"loc":{"start":{"line":47,"column":8},"end":{"line":47,"column":44}},"type":"if","locations":[{"start":{"line":47,"column":8},"end":{"line":47,"column":44}},{"start":{},"end":{}}]},"3":{"loc":{"start":{"line":48,"column":8},"end":{"line":51,"column":9}},"type":"if","locations":[{"start":{"line":48,"column":8},"end":{"line":51,"column":9}},{"start":{},"end":{}}]},"4":{"loc":{"start":{"line":61,"column":39},"end":{"line":61,"column":76}},"type":"cond-expr","locations":[{"start":{"line":61,"column":61},"end":{"line":61,"column":71}},{"start":{"line":61,"column":74},"end":{"line":61,"column":76}}]},"5":{"loc":{"start":{"line":63,"column":21},"end":{"line":87,"column":null}},"type":"cond-expr","locations":[{"start":{"line":64,"column":24},"end":{"line":70,"column":null}},{"start":{"line":73,"column":24},"end":{"line":86,"column":null}}]},"6":{"loc":{"start":{"line":89,"column":21},"end":{"line":90,"column":null}},"type":"binary-expr","locations":[{"start":{"line":89,"column":21},"end":{"line":89,"column":37}},{"start":{"line":90,"column":24},"end":{"line":90,"column":78}}]}},"s":{"0":3,"1":3,"2":3,"3":3,"4":3,"5":3,"6":198,"7":198,"8":198,"9":198,"10":4,"11":1,"12":3,"13":3,"14":3,"15":3,"16":3,"17":1,"18":198,"19":3,"20":3,"21":3,"22":2,"23":1,"24":198,"25":46,"26":3,"27":46,"28":1,"29":1,"30":198,"31":198,"32":46,"33":6},"f":{"0":198,"1":4,"2":1,"3":3,"4":1,"5":46,"6":198,"7":46,"8":6},"b":{"0":[1,3],"1":[2,1],"2":[3,43],"3":[1,45],"4":[0,198],"5":[52,146],"6":[198,128]}}
,"D:\\PERSONAL\\my_project\\assets\\components\\board\\Column.tsx": {"path":"D:\\PERSONAL\\my_project\\assets\\components\\board\\Column.tsx","statementMap":{"0":{"start":{"line":14,"column":0},"end":{"line":14,"column":24}},"1":{"start":{"line":1,"column":0},"end":{"line":1,"column":40}},"2":{"start":{"line":2,"column":0},"end":{"line":2,"column":46}},"3":{"start":{"line":4,"column":0},"end":{"line":4,"column":54}},"4":{"start":{"line":5,"column":0},"end":{"line":5,"column":60}},"5":{"start":{"line":6,"column":0},"end":{"line":6,"column":48}},"6":{"start":{"line":7,"column":0},"end":{"line":7,"column":30}},"7":{"start":{"line":8,"column":0},"end":{"line":8,"column":40}},"8":{"start":{"line":15,"column":39},"end":{"line":15,"column":49}},"9":{"start":{"line":16,"column":38},"end":{"line":16,"column":53}},"10":{"start":{"line":17,"column":30},"end":{"line":17,"column":52}},"11":{"start":{"line":19,"column":23},"end":{"line":35,"column":5}},"12":{"start":{"line":20,"column":8},"end":{"line":20,"column":34}},"13":{"start":{"line":20,"column":27},"end":{"line":20,"column":34}},"14":{"start":{"line":21,"column":24},"end":{"line":21,"column":36}},"15":{"start":{"line":22,"column":8},"end":{"line":25,"column":9}},"16":{"start":{"line":23,"column":12},"end":{"line":23,"column":32}},"17":{"start":{"line":24,"column":12},"end":{"line":24,"column":19}},"18":{"start":{"line":27,"column":30},"end":{"line":27,"column":50}},"19":{"start":{"line":28,"column":8},"end":{"line":28,"column":88}},"20":{"start":{"line":29,"column":8},"end":{"line":29,"column":28}},"21":{"start":{"line":31,"column":8},"end":{"line":34,"column":11}},"22":{"start":{"line":32,"column":12},"end":{"line":32,"column":67}},"23":{"start":{"line":33,"column":12},"end":{"line":33,"column":35}},"24":{"start":{"line":37,"column":25},"end":{"line":48,"column":5}},"25":{"start":{"line":38,"column":8},"end":{"line":38,"column":83}},"26":{"start":{"line":38,"column":76},"end":{"line":38,"column":83}},"27":{"start":{"line":40,"column":30},"end":{"line":40,"column":50}},"28":{"start":{"line":41,"column":8},"end":{"line":41,"column":64}},"29":{"start":{"line":43,"column":8},"end":{"line":47,"column":9}},"30":{"start":{"line":44,"column":12},"end":{"line":46,"column":15}},"31":{"start":{"line":45,"column":16},"end":{"line":45,"column":71}},"32":{"start":{"line":50,"column":26},"end":{"line":56,"column":5}},"33":{"start":{"line":51,"column":8},"end":{"line":51,"column":44}},"34":{"start":{"line":51,"column":31},"end":{"line":51,"column":44}},"35":{"start":{"line":52,"column":8},"end":{"line":55,"column":9}},"36":{"start":{"line":53,"column":12},"end":{"line":53,"column":35}},"37":{"start":{"line":54,"column":12},"end":{"line":54,"column":32}},"38":{"start":{"line":58,"column":4},"end":{"line":105,"column":6}},"39":{"start":{"line":65,"column":41},"end":{"line":65,"column":65}},"40":{"start":{"line":71,"column":45},"end":{"line":71,"column":63}},"41":{"start":{"line":86,"column":20},"end":{"line":99,"column":null}},"42":{"start":{"line":92,"column":28},"end":{"line":93,"column":null}}},"fnMap":{"0":{"name":"Column","decl":{"start":{"line":14,"column":24},"end":{"line":14,"column":30}},"loc":{"start":{"line":14,"column":54},"end":{"line":106,"column":1}}},"1":{"name":"(anonymous_11)","decl":{"start":{"line":19,"column":23},"end":{"line":19,"column":26}},"loc":{"start":{"line":19,"column":28},"end":{"line":35,"column":5}}},"2":{"name":"(anonymous_12)","decl":{"start":{"line":31,"column":58},"end":{"line":31,"column":61}},"loc":{"start":{"line":31,"column":63},"end":{"line":34,"column":9}}},"3":{"name":"(anonymous_13)","decl":{"start":{"line":37,"column":25},"end":{"line":37,"column":28}},"loc":{"start":{"line":37,"column":30},"end":{"line":48,"column":5}}},"4":{"name":"(anonymous_14)","decl":{"start":{"line":44,"column":53},"end":{"line":44,"column":56}},"loc":{"start":{"line":44,"column":58},"end":{"line":46,"column":13}}},"5":{"name":"(anonymous_15)","decl":{"start":{"line":50,"column":26},"end":{"line":50,"column":27}},"loc":{"start":{"line":50,"column":71},"end":{"line":56,"column":5}}},"6":{"name":"(anonymous_16)","decl":{"start":{"line":65,"column":34},"end":{"line":65,"column":35}},"loc":{"start":{"line":65,"column":41},"end":{"line":65,"column":65}}},"7":{"name":"(anonymous_17)","decl":{"start":{"line":71,"column":39},"end":{"line":71,"column":42}},"loc":{"start":{"line":71,"column":45},"end":{"line":71,"column":63}}},"8":{"name":"(anonymous_18)","decl":{"start":{"line":85,"column":17},"end":{"line":85,"column":18}},"loc":{"start":{"line":86,"column":20},"end":{"line":99,"column":null}}},"9":{"name":"(anonymous_19)","decl":{"start":{"line":91,"column":42},"end":{"line":91,"column":43}},"loc":{"start":{"line":92,"column":28},"end":{"line":93,"column":null}}}},"branchMap":{"0":{"loc":{"start":{"line":20,"column":8},"end":{"line":20,"column":34}},"type":"if","locations":[{"start":{"line":20,"column":8},"end":{"line":20,"column":34}},{"start":{},"end":{}}]},"1":{"loc":{"start":{"line":22,"column":8},"end":{"line":25,"column":9}},"type":"if","locations":[{"start":{"line":22,"column":8},"end":{"line":25,"column":9}},{"start":{},"end":{}}]},"2":{"loc":{"start":{"line":38,"column":8},"end":{"line":38,"column":83}},"type":"if","locations":[{"start":{"line":38,"column":8},"end":{"line":38,"column":83}},{"start":{},"end":{}}]},"3":{"loc":{"start":{"line":43,"column":8},"end":{"line":47,"column":9}},"type":"if","locations":[{"start":{"line":43,"column":8},"end":{"line":47,"column":9}},{"start":{},"end":{}}]},"4":{"loc":{"start":{"line":51,"column":8},"end":{"line":51,"column":44}},"type":"if","locations":[{"start":{"line":51,"column":8},"end":{"line":51,"column":44}},{"start":{},"end":{}}]},"5":{"loc":{"start":{"line":52,"column":8},"end":{"line":55,"column":9}},"type":"if","locations":[{"start":{"line":52,"column":8},"end":{"line":55,"column":9}},{"start":{},"end":{}}]},"6":{"loc":{"start":{"line":61,"column":17},"end":{"line":71,"column":null}},"type":"cond-expr","locations":[{"start":{"line":62,"column":20},"end":{"line":68,"column":null}},{"start":{"line":71,"column":20},"end":{"line":71,"column":84}}]},"7":{"loc":{"start":{"line":89,"column":48},"end":{"line":89,"column":94}},"type":"cond-expr","locations":[{"start":{"line":89,"column":74},"end":{"line":89,"column":89}},{"start":{"line":89,"column":92},"end":{"line":89,"column":94}}]}},"s":{"0":2,"1":2,"2":2,"3":2,"4":2,"5":2,"6":2,"7":2,"8":78,"9":78,"10":78,"11":78,"12":5,"13":1,"14":4,"15":4,"16":1,"17":1,"18":3,"19":3,"20":3,"21":3,"22":1,"23":1,"24":78,"25":3,"26":1,"27":2,"28":2,"29":2,"30":2,"31":1,"32":78,"33":34,"34":4,"35":34,"36":1,"37":1,"38":78,"39":33,"40":7,"41":78,"42":129},"f":{"0":78,"1":5,"2":1,"3":3,"4":1,"5":34,"6":33,"7":7,"8":78,"9":129},"b":{"0":[1,4],"1":[1,3],"2":[1,2],"3":[2,0],"4":[4,30],"5":[1,33],"6":[40,38],"7":[0,78]}}
,"D:\\PERSONAL\\my_project\\assets\\components\\layout\\Header.tsx": {"path":"D:\\PERSONAL\\my_project\\assets\\components\\layout\\Header.tsx","statementMap":{"0":{"start":{"line":5,"column":0},"end":{"line":5,"column":24}},"1":{"start":{"line":2,"column":0},"end":{"line":2,"column":52}},"2":{"start":{"line":3,"column":0},"end":{"line":3,"column":47}},"3":{"start":{"line":6,"column":46},"end":{"line":6,"column":55}},"4":{"start":{"line":7,"column":21},"end":{"line":7,"column":34}},"5":{"start":{"line":9,"column":25},"end":{"line":12,"column":5}},"6":{"start":{"line":10,"column":8},"end":{"line":10,"column":17}},"7":{"start":{"line":11,"column":8},"end":{"line":11,"column":27}},"8":{"start":{"line":14,"column":4},"end":{"line":14,"column":38}},"9":{"start":{"line":14,"column":26},"end":{"line":14,"column":38}},"10":{"start":{"line":16,"column":4},"end":{"line":26,"column":6}},"11":{"start":{"line":18,"column":31},"end":{"line":18,"column":44}}},"fnMap":{"0":{"name":"Header","decl":{"start":{"line":5,"column":24},"end":{"line":5,"column":30}},"loc":{"start":{"line":5,"column":30},"end":{"line":27,"column":1}}},"1":{"name":"(anonymous_1)","decl":{"start":{"line":9,"column":25},"end":{"line":9,"column":28}},"loc":{"start":{"line":9,"column":30},"end":{"line":12,"column":5}}},"2":{"name":"(anonymous_2)","decl":{"start":{"line":18,"column":25},"end":{"line":18,"column":28}},"loc":{"start":{"line":18,"column":31},"end":{"line":18,"column":44}}}},"branchMap":{"0":{"loc":{"start":{"line":14,"column":4},"end":{"line":14,"column":38}},"type":"if","locations":[{"start":{"line":14,"column":4},"end":{"line":14,"column":38}},{"start":{},"end":{}}]}},"s":{"0":1,"1":1,"2":1,"3":4,"4":4,"5":4,"6":1,"7":1,"8":4,"9":1,"10":3,"11":1},"f":{"0":4,"1":1,"2":1},"b":{"0":[1,3]}}
,"D:\\PERSONAL\\my_project\\assets\\components\\layout\\ProtectedRoute.tsx": {"path":"D:\\PERSONAL\\my_project\\assets\\components\\layout\\ProtectedRoute.tsx","statementMap":{"0":{"start":{"line":5,"column":0},"end":{"line":5,"column":24}},"1":{"start":{"line":2,"column":0},"end":{"line":2,"column":44}},"2":{"start":{"line":3,"column":0},"end":{"line":3,"column":52}},"3":{"start":{"line":6,"column":32},"end":{"line":6,"column":41}},"4":{"start":{"line":8,"column":4},"end":{"line":10,"column":5}},"5":{"start":{"line":9,"column":8},"end":{"line":9,"column":48}},"6":{"start":{"line":12,"column":4},"end":{"line":12,"column":27}}},"fnMap":{"0":{"name":"ProtectedRoute","decl":{"start":{"line":5,"column":24},"end":{"line":5,"column":38}},"loc":{"start":{"line":5,"column":82},"end":{"line":13,"column":1}}}},"branchMap":{"0":{"loc":{"start":{"line":8,"column":4},"end":{"line":10,"column":5}},"type":"if","locations":[{"start":{"line":8,"column":4},"end":{"line":10,"column":5}},{"start":{},"end":{}}]}},"s":{"0":1,"1":1,"2":1,"3":2,"4":2,"5":1,"6":1},"f":{"0":2},"b":{"0":[1,1]}}
,"D:\\PERSONAL\\my_project\\assets\\context\\AuthContext.tsx": {"path":"D:\\PERSONAL\\my_project\\assets\\context\\AuthContext.tsx","statementMap":{"0":{"start":{"line":15,"column":0},"end":{"line":15,"column":16}},"1":{"start":{"line":52,"column":0},"end":{"line":52,"column":16}},"2":{"start":{"line":1,"column":0},"end":{"line":1,"column":91}},"3":{"start":{"line":3,"column":0},"end":{"line":3,"column":39}},"4":{"start":{"line":13,"column":20},"end":{"line":13,"column":67}},"5":{"start":{"line":16,"column":28},"end":{"line":19,"column":6}},"6":{"start":{"line":17,"column":23},"end":{"line":17,"column":53}},"7":{"start":{"line":18,"column":8},"end":{"line":18,"column":60}},"8":{"start":{"line":21,"column":18},"end":{"line":25,"column":10}},"9":{"start":{"line":22,"column":21},"end":{"line":22,"column":57}},"10":{"start":{"line":23,"column":8},"end":{"line":23,"column":66}},"11":{"start":{"line":24,"column":8},"end":{"line":24,"column":27}},"12":{"start":{"line":27,"column":21},"end":{"line":29,"column":10}},"13":{"start":{"line":28,"column":8},"end":{"line":28,"column":48}},"14":{"start":{"line":31,"column":19},"end":{"line":35,"column":10}},"15":{"start":{"line":32,"column":8},"end":{"line":32,"column":31}},"16":{"start":{"line":33,"column":8},"end":{"line":33,"column":42}},"17":{"start":{"line":34,"column":8},"end":{"line":34,"column":22}},"18":{"start":{"line":37,"column":4},"end":{"line":49,"column":6}},"19":{"start":{"line":53,"column":20},"end":{"line":53,"column":43}},"20":{"start":{"line":54,"column":4},"end":{"line":56,"column":5}},"21":{"start":{"line":55,"column":8},"end":{"line":55,"column":71}},"22":{"start":{"line":57,"column":4},"end":{"line":57,"column":19}}},"fnMap":{"0":{"name":"AuthProvider","decl":{"start":{"line":15,"column":16},"end":{"line":15,"column":28}},"loc":{"start":{"line":15,"column":66},"end":{"line":50,"column":1}}},"1":{"name":"(anonymous_10)","decl":{"start":{"line":16,"column":50},"end":{"line":16,"column":53}},"loc":{"start":{"line":16,"column":55},"end":{"line":19,"column":5}}},"2":{"name":"(anonymous_11)","decl":{"start":{"line":21,"column":30},"end":{"line":21,"column":35}},"loc":{"start":{"line":21,"column":72},"end":{"line":25,"column":5}}},"3":{"name":"(anonymous_12)","decl":{"start":{"line":27,"column":33},"end":{"line":27,"column":38}},"loc":{"start":{"line":27,"column":75},"end":{"line":29,"column":5}}},"4":{"name":"(anonymous_13)","decl":{"start":{"line":31,"column":31},"end":{"line":31,"column":36}},"loc":{"start":{"line":31,"column":42},"end":{"line":35,"column":5}}},"5":{"name":"useAuth","decl":{"start":{"line":52,"column":16},"end":{"line":52,"column":23}},"loc":{"start":{"line":52,"column":23},"end":{"line":58,"column":1}}}},"branchMap":{"0":{"loc":{"start":{"line":18,"column":15},"end":{"line":18,"column":59}},"type":"cond-expr","locations":[{"start":{"line":18,"column":25},"end":{"line":18,"column":52}},{"start":{"line":18,"column":55},"end":{"line":18,"column":59}}]},"1":{"loc":{"start":{"line":54,"column":4},"end":{"line":56,"column":5}},"type":"if","locations":[{"start":{"line":54,"column":4},"end":{"line":56,"column":5}},{"start":{},"end":{}}]}},"s":{"0":3,"1":3,"2":3,"3":3,"4":3,"5":21,"6":16,"7":16,"8":21,"9":5,"10":4,"11":4,"12":21,"13":4,"14":21,"15":1,"16":1,"17":1,"18":21,"19":220,"20":219,"21":2,"22":217},"f":{"0":21,"1":16,"2":5,"3":4,"4":1,"5":220},"b":{"0":[3,13],"1":[2,217]}}
,"D:\\PERSONAL\\my_project\\assets\\context\\BoardContext.tsx": {"path":"D:\\PERSONAL\\my_project\\assets\\context\\BoardContext.tsx","statementMap":{"0":{"start":{"line":19,"column":0},"end":{"line":19,"column":16}},"1":{"start":{"line":29,"column":0},"end":{"line":29,"column":16}},"2":{"start":{"line":1,"column":0},"end":{"line":1,"column":80}},"3":{"start":{"line":3,"column":0},"end":{"line":3,"column":69}},"4":{"start":{"line":10,"column":21},"end":{"line":10,"column":75}},"5":{"start":{"line":12,"column":26},"end":{"line":17,"column":2}},"6":{"start":{"line":20,"column":30},"end":{"line":20,"column":66}},"7":{"start":{"line":22,"column":4},"end":{"line":26,"column":6}},"8":{"start":{"line":30,"column":20},"end":{"line":30,"column":44}},"9":{"start":{"line":31,"column":4},"end":{"line":33,"column":5}},"10":{"start":{"line":32,"column":8},"end":{"line":32,"column":72}},"11":{"start":{"line":34,"column":4},"end":{"line":34,"column":19}}},"fnMap":{"0":{"name":"BoardProvider","decl":{"start":{"line":19,"column":16},"end":{"line":19,"column":29}},"loc":{"start":{"line":19,"column":67},"end":{"line":27,"column":1}}},"1":{"name":"useBoard","decl":{"start":{"line":29,"column":16},"end":{"line":29,"column":24}},"loc":{"start":{"line":29,"column":24},"end":{"line":35,"column":1}}}},"branchMap":{"0":{"loc":{"start":{"line":31,"column":4},"end":{"line":33,"column":5}},"type":"if","locations":[{"start":{"line":31,"column":4},"end":{"line":33,"column":5}},{"start":{},"end":{}}]}},"s":{"0":2,"1":2,"2":2,"3":2,"4":2,"5":2,"6":19,"7":19,"8":76,"9":75,"10":2,"11":73},"f":{"0":19,"1":76},"b":{"0":[2,73]}}
,"D:\\PERSONAL\\my_project\\assets\\reducers\\boardReducer.ts": {"path":"D:\\PERSONAL\\my_project\\assets\\reducers\\boardReducer.ts","statementMap":{"0":{"start":{"line":3,"column":0},"end":{"line":3,"column":16}},"1":{"start":{"line":26,"column":0},"end":{"line":26,"column":16}},"2":{"start":{"line":4,"column":4},"end":{"line":4,"column":105}},"3":{"start":{"line":4,"column":61},"end":{"line":4,"column":100}},"4":{"start":{"line":27,"column":4},"end":{"line":149,"column":5}},"5":{"start":{"line":29,"column":12},"end":{"line":29,"column":34}},"6":{"start":{"line":32,"column":12},"end":{"line":35,"column":14}},"7":{"start":{"line":38,"column":12},"end":{"line":45,"column":14}},"8":{"start":{"line":41,"column":20},"end":{"line":43,"column":29}},"9":{"start":{"line":48,"column":12},"end":{"line":51,"column":14}},"10":{"start":{"line":50,"column":55},"end":{"line":50,"column":80}},"11":{"start":{"line":54,"column":12},"end":{"line":61,"column":14}},"12":{"start":{"line":57,"column":20},"end":{"line":59,"column":29}},"13":{"start":{"line":65,"column":12},"end":{"line":79,"column":14}},"14":{"start":{"line":67,"column":53},"end":{"line":78,"column":18}},"15":{"start":{"line":70,"column":24},"end":{"line":76,"column":34}},"16":{"start":{"line":82,"column":12},"end":{"line":94,"column":14}},"17":{"start":{"line":85,"column":20},"end":{"line":92,"column":29}},"18":{"start":{"line":89,"column":42},"end":{"line":89,"column":75}},"19":{"start":{"line":97,"column":44},"end":{"line":97,"column":58}},"20":{"start":{"line":98,"column":32},"end":{"line":98,"column":60}},"21":{"start":{"line":99,"column":30},"end":{"line":99,"column":63}},"22":{"start":{"line":101,"column":31},"end":{"line":104,"column":15}},"23":{"start":{"line":101,"column":59},"end":{"line":104,"column":14}},"24":{"start":{"line":106,"column":30},"end":{"line":106,"column":75}},"25":{"start":{"line":106,"column":53},"end":{"line":106,"column":73}},"26":{"start":{"line":107,"column":32},"end":{"line":107,"column":71}},"27":{"start":{"line":109,"column":12},"end":{"line":114,"column":13}},"28":{"start":{"line":110,"column":16},"end":{"line":110,"column":72}},"29":{"start":{"line":112,"column":32},"end":{"line":112,"column":75}},"30":{"start":{"line":112,"column":55},"end":{"line":112,"column":73}},"31":{"start":{"line":113,"column":16},"end":{"line":113,"column":70}},"32":{"start":{"line":116,"column":12},"end":{"line":116,"column":53}},"33":{"start":{"line":120,"column":41},"end":{"line":120,"column":55}},"34":{"start":{"line":121,"column":12},"end":{"line":129,"column":14}},"35":{"start":{"line":123,"column":53},"end":{"line":128,"column":18}},"36":{"start":{"line":126,"column":24},"end":{"line":126,"column":111}},"37":{"start":{"line":133,"column":43},"end":{"line":133,"column":57}},"38":{"start":{"line":134,"column":12},"end":{"line":141,"column":14}},"39":{"start":{"line":137,"column":20},"end":{"line":139,"column":29}},"40":{"start":{"line":145,"column":12},"end":{"line":145,"column":34}},"41":{"start":{"line":148,"column":12},"end":{"line":148,"column":25}}},"fnMap":{"0":{"name":"snapshotBoard","decl":{"start":{"line":3,"column":16},"end":{"line":3,"column":29}},"loc":{"start":{"line":3,"column":42},"end":{"line":5,"column":1}}},"1":{"name":"(anonymous_1)","decl":{"start":{"line":4,"column":50},"end":{"line":4,"column":56}},"loc":{"start":{"line":4,"column":61},"end":{"line":4,"column":100}}},"2":{"name":"boardReducer","decl":{"start":{"line":26,"column":16},"end":{"line":26,"column":28}},"loc":{"start":{"line":26,"column":62},"end":{"line":150,"column":1}}},"3":{"name":"(anonymous_3)","decl":{"start":{"line":40,"column":43},"end":{"line":40,"column":44}},"loc":{"start":{"line":41,"column":20},"end":{"line":43,"column":29}}},"4":{"name":"(anonymous_4)","decl":{"start":{"line":50,"column":46},"end":{"line":50,"column":47}},"loc":{"start":{"line":50,"column":55},"end":{"line":50,"column":80}}},"5":{"name":"(anonymous_5)","decl":{"start":{"line":56,"column":43},"end":{"line":56,"column":44}},"loc":{"start":{"line":57,"column":20},"end":{"line":59,"column":29}}},"6":{"name":"(anonymous_6)","decl":{"start":{"line":67,"column":43},"end":{"line":67,"column":44}},"loc":{"start":{"line":67,"column":53},"end":{"line":78,"column":18}}},"7":{"name":"(anonymous_7)","decl":{"start":{"line":69,"column":41},"end":{"line":69,"column":42}},"loc":{"start":{"line":70,"column":24},"end":{"line":76,"column":34}}},"8":{"name":"(anonymous_8)","decl":{"start":{"line":84,"column":43},"end":{"line":84,"column":44}},"loc":{"start":{"line":85,"column":20},"end":{"line":92,"column":29}}},"9":{"name":"(anonymous_9)","decl":{"start":{"line":89,"column":32},"end":{"line":89,"column":33}},"loc":{"start":{"line":89,"column":42},"end":{"line":89,"column":75}}},"10":{"name":"(anonymous_10)","decl":{"start":{"line":101,"column":49},"end":{"line":101,"column":50}},"loc":{"start":{"line":101,"column":59},"end":{"line":104,"column":14}}},"11":{"name":"(anonymous_11)","decl":{"start":{"line":106,"column":46},"end":{"line":106,"column":47}},"loc":{"start":{"line":106,"column":53},"end":{"line":106,"column":73}}},"12":{"name":"(anonymous_12)","decl":{"start":{"line":112,"column":48},"end":{"line":112,"column":49}},"loc":{"start":{"line":112,"column":55},"end":{"line":112,"column":73}}},"13":{"name":"(anonymous_13)","decl":{"start":{"line":123,"column":43},"end":{"line":123,"column":44}},"loc":{"start":{"line":123,"column":53},"end":{"line":128,"column":18}}},"14":{"name":"(anonymous_14)","decl":{"start":{"line":125,"column":41},"end":{"line":125,"column":42}},"loc":{"start":{"line":126,"column":24},"end":{"line":126,"column":111}}},"15":{"name":"(anonymous_15)","decl":{"start":{"line":136,"column":43},"end":{"line":136,"column":44}},"loc":{"start":{"line":137,"column":20},"end":{"line":139,"column":29}}}},"branchMap":{"0":{"loc":{"start":{"line":27,"column":4},"end":{"line":149,"column":5}},"type":"switch","locations":[{"start":{"line":28,"column":8},"end":{"line":29,"column":34}},{"start":{"line":31,"column":8},"end":{"line":35,"column":14}},{"start":{"line":37,"column":8},"end":{"line":45,"column":14}},{"start":{"line":47,"column":8},"end":{"line":51,"column":14}},{"start":{"line":53,"column":8},"end":{"line":62,"column":9}},{"start":{"line":64,"column":8},"end":{"line":79,"column":14}},{"start":{"line":81,"column":8},"end":{"line":94,"column":14}},{"start":{"line":96,"column":8},"end":{"line":117,"column":9}},{"start":{"line":119,"column":8},"end":{"line":130,"column":9}},{"start":{"line":132,"column":8},"end":{"line":142,"column":9}},{"start":{"line":144,"column":8},"end":{"line":145,"column":34}},{"start":{"line":147,"column":8},"end":{"line":148,"column":25}}]},"1":{"loc":{"start":{"line":41,"column":20},"end":{"line":43,"column":29}},"type":"cond-expr","locations":[{"start":{"line":42,"column":26},"end":{"line":42,"column":65}},{"start":{"line":43,"column":26},"end":{"line":43,"column":29}}]},"2":{"loc":{"start":{"line":57,"column":20},"end":{"line":59,"column":29}},"type":"cond-expr","locations":[{"start":{"line":58,"column":26},"end":{"line":58,"column":80}},{"start":{"line":59,"column":26},"end":{"line":59,"column":29}}]},"3":{"loc":{"start":{"line":70,"column":24},"end":{"line":76,"column":34}},"type":"cond-expr","locations":[{"start":{"line":71,"column":30},"end":{"line":75,"column":null}},{"start":{"line":76,"column":30},"end":{"line":76,"column":34}}]},"4":{"loc":{"start":{"line":85,"column":20},"end":{"line":92,"column":29}},"type":"cond-expr","locations":[{"start":{"line":86,"column":26},"end":{"line":91,"column":null}},{"start":{"line":92,"column":26},"end":{"line":92,"column":29}}]},"5":{"loc":{"start":{"line":109,"column":12},"end":{"line":114,"column":13}},"type":"if","locations":[{"start":{"line":109,"column":12},"end":{"line":114,"column":13}},{"start":{"line":111,"column":19},"end":{"line":114,"column":13}}]},"6":{"loc":{"start":{"line":126,"column":24},"end":{"line":126,"column":111}},"type":"cond-expr","locations":[{"start":{"line":126,"column":45},"end":{"line":126,"column":104}},{"start":{"line":126,"column":107},"end":{"line":126,"column":111}}]},"7":{"loc":{"start":{"line":137,"column":20},"end":{"line":139,"column":29}},"type":"cond-expr","locations":[{"start":{"line":138,"column":26},"end":{"line":138,"column":86}},{"start":{"line":139,"column":26},"end":{"line":139,"column":29}}]}},"s":{"0":7,"1":7,"2":3,"3":7,"4":25,"5":7,"6":2,"7":1,"8":3,"9":2,"10":6,"11":2,"12":6,"13":1,"14":3,"15":3,"16":1,"17":3,"18":3,"19":4,"20":4,"21":4,"22":4,"23":10,"24":4,"25":4,"26":4,"27":4,"28":1,"29":3,"30":6,"31":3,"32":4,"33":1,"34":1,"35":3,"36":4,"37":1,"38":1,"39":4,"40":2,"41":1},"f":{"0":3,"1":7,"2":25,"3":3,"4":6,"5":6,"6":3,"7":3,"8":3,"9":3,"10":10,"11":4,"12":6,"13":3,"14":4,"15":4},"b":{"0":[7,2,1,2,2,1,1,4,1,1,2,1],"1":[1,2],"2":[2,4],"3":[1,2],"4":[1,2],"5":[1,3],"6":[1,3],"7":[1,3]}}
}
