TN:
SF:assets\components\auth\LoginForm.tsx
FN:5,LoginForm
FN:13,(anonymous_1)
FN:39,(anonymous_2)
FN:49,(anonymous_3)
FNF:4
FNH:4
FNDA:73,LoginForm
FNDA:3,(anonymous_1)
FNDA:39,(anonymous_2)
FNDA:23,(anonymous_3)
DA:1,1
DA:2,1
DA:3,1
DA:5,1
DA:6,73
DA:7,73
DA:8,73
DA:9,73
DA:10,73
DA:11,73
DA:13,73
DA:14,3
DA:15,3
DA:16,3
DA:18,3
DA:19,3
DA:20,2
DA:22,1
DA:24,3
DA:28,73
DA:39,39
DA:49,23
LF:22
LH:22
BRDA:32,0,0,73
BRDA:32,0,1,1
BRDA:54,1,0,3
BRDA:54,1,1,70
BRF:4
BRH:4
end_of_record
TN:
SF:assets\components\auth\RegisterForm.tsx
FN:5,RegisterForm
FN:14,(anonymous_1)
FN:46,(anonymous_2)
FN:56,(anonymous_3)
FN:67,(anonymous_4)
FNF:5
FNH:5
FNDA:136,RegisterForm
FNDA:4,(anonymous_1)
FNDA:50,(anonymous_2)
FNDA:36,(anonymous_3)
FNDA:37,(anonymous_4)
DA:1,1
DA:2,1
DA:3,1
DA:5,1
DA:6,136
DA:7,136
DA:8,136
DA:9,136
DA:10,136
DA:11,136
DA:12,136
DA:14,136
DA:15,4
DA:16,4
DA:18,4
DA:19,1
DA:20,1
DA:23,3
DA:25,3
DA:26,3
DA:27,2
DA:29,1
DA:31,3
DA:35,136
DA:46,50
DA:56,36
DA:67,37
LF:27
LH:27
BRDA:18,0,0,1
BRDA:18,0,1,3
BRDA:39,1,0,136
BRDA:39,1,1,2
BRDA:72,2,0,3
BRDA:72,2,1,133
BRF:6
BRH:6
end_of_record
TN:
SF:assets\components\board\AddCardForm.tsx
FN:10,AddCardForm
FN:15,(anonymous_10)
FN:29,(anonymous_11)
FN:32,(anonymous_12)
FN:41,(anonymous_13)
FN:54,(anonymous_14)
FN:64,(anonymous_15)
FNF:7
FNH:7
FNDA:112,AddCardForm
FNDA:3,(anonymous_10)
FNDA:1,(anonymous_11)
FNDA:1,(anonymous_12)
FNDA:5,(anonymous_13)
FNDA:20,(anonymous_14)
FNDA:1,(anonymous_15)
DA:1,3
DA:2,3
DA:3,3
DA:4,3
DA:10,3
DA:11,112
DA:12,112
DA:13,112
DA:15,112
DA:16,3
DA:17,3
DA:19,2
DA:20,2
DA:21,2
DA:23,2
DA:24,2
DA:25,2
DA:26,2
DA:28,2
DA:30,1
DA:33,1
DA:37,112
DA:38,87
DA:41,5
DA:48,25
DA:54,20
DA:65,1
DA:66,1
LF:28
LH:28
BRDA:17,0,0,1
BRDA:17,0,1,2
BRDA:37,1,0,87
BRDA:37,1,1,25
BRF:4
BRH:4
end_of_record
TN:
SF:assets\components\board\AddColumnForm.tsx
FN:10,AddColumnForm
FN:15,(anonymous_10)
FN:29,(anonymous_11)
FN:32,(anonymous_12)
FN:42,(anonymous_13)
FN:57,(anonymous_14)
FN:67,(anonymous_15)
FNF:7
FNH:7
FNDA:47,AddColumnForm
FNDA:3,(anonymous_10)
FNDA:1,(anonymous_11)
FNDA:1,(anonymous_12)
FNDA:5,(anonymous_13)
FNDA:24,(anonymous_14)
FNDA:1,(anonymous_15)
DA:1,2
DA:2,2
DA:3,2
DA:4,2
DA:10,2
DA:11,47
DA:12,47
DA:13,47
DA:15,47
DA:16,3
DA:17,3
DA:19,2
DA:20,2
DA:21,2
DA:23,2
DA:24,2
DA:25,2
DA:26,2
DA:28,2
DA:30,1
DA:33,1
DA:37,47
DA:38,18
DA:42,5
DA:50,29
DA:57,24
DA:68,1
DA:69,1
LF:28
LH:28
BRDA:17,0,0,1
BRDA:17,0,1,2
BRDA:37,1,0,18
BRDA:37,1,1,29
BRF:4
BRH:4
end_of_record
TN:
SF:assets\components\board\BoardList.tsx
FN:6,BoardList
FN:12,(anonymous_10)
FN:13,(anonymous_11)
FN:19,(anonymous_12)
FN:27,(anonymous_13)
FN:29,(anonymous_14)
FN:42,(anonymous_15)
FN:49,(anonymous_16)
FN:51,(anonymous_17)
FN:55,(anonymous_18)
FNF:10
FNH:10
FNDA:23,BoardList
FNDA:7,(anonymous_10)
FNDA:6,(anonymous_11)
FNDA:2,(anonymous_12)
FNDA:1,(anonymous_13)
FNDA:1,(anonymous_14)
FNDA:9,(anonymous_15)
FNDA:4,(anonymous_16)
FNDA:1,(anonymous_17)
FNDA:1,(anonymous_18)
DA:1,1
DA:2,1
DA:4,1
DA:6,1
DA:7,23
DA:8,23
DA:9,23
DA:10,23
DA:12,23
DA:13,7
DA:14,6
DA:15,6
DA:19,23
DA:20,2
DA:21,2
DA:23,1
DA:24,1
DA:27,23
DA:28,1
DA:29,1
DA:32,23
DA:34,16
DA:42,9
DA:50,4
DA:51,1
DA:55,1
LF:26
LH:26
BRDA:21,0,0,1
BRDA:21,0,1,1
BRDA:32,1,0,7
BRDA:32,1,1,16
BRDA:62,2,0,16
BRDA:62,2,1,13
BRF:6
BRH:6
end_of_record
TN:
SF:assets\components\board\BoardView.tsx
FN:11,BoardView
FN:17,(anonymous_11)
FN:19,(anonymous_12)
FN:22,(anonymous_13)
FN:27,(anonymous_14)
FN:45,(anonymous_15)
FN:52,(anonymous_16)
FN:63,(anonymous_17)
FN:69,(anonymous_18)
FNF:9
FNH:9
FNDA:18,BoardView
FNDA:9,(anonymous_11)
FNDA:7,(anonymous_12)
FNDA:1,(anonymous_13)
FNDA:4,(anonymous_14)
FNDA:2,(anonymous_15)
FNDA:1,(anonymous_16)
FNDA:1,(anonymous_17)
FNDA:18,(anonymous_18)
DA:1,1
DA:2,1
DA:3,1
DA:4,1
DA:5,1
DA:6,1
DA:7,1
DA:8,1
DA:9,1
DA:11,1
DA:12,18
DA:13,18
DA:14,18
DA:15,18
DA:17,18
DA:18,9
DA:19,9
DA:20,7
DA:21,7
DA:23,1
DA:27,18
DA:28,4
DA:29,4
DA:30,3
DA:34,1
DA:37,2
DA:39,2
DA:44,2
DA:45,2
DA:47,2
DA:48,2
DA:50,2
DA:53,1
DA:57,18
DA:59,9
DA:63,1
DA:70,18
LF:37
LH:37
BRDA:18,0,0,0
BRDA:18,0,1,9
BRDA:29,1,0,1
BRDA:29,1,1,3
BRDA:30,2,0,1
BRDA:30,2,1,2
BRDA:31,3,0,3
BRDA:31,3,1,1
BRDA:47,4,0,0
BRDA:47,4,1,2
BRDA:57,5,0,9
BRDA:57,5,1,9
BRF:12
BRH:10
end_of_record
TN:
SF:assets\components\board\Card.tsx
FN:14,CardItem
FN:19,(anonymous_10)
FN:30,(anonymous_11)
FN:35,(anonymous_12)
FN:40,(anonymous_13)
FN:46,(anonymous_14)
FN:56,(anonymous_15)
FN:67,(anonymous_16)
FN:76,(anonymous_17)
FNF:9
FNH:9
FNDA:198,CardItem
FNDA:4,(anonymous_10)
FNDA:1,(anonymous_11)
FNDA:3,(anonymous_12)
FNDA:1,(anonymous_13)
FNDA:46,(anonymous_14)
FNDA:198,(anonymous_15)
FNDA:46,(anonymous_16)
FNDA:6,(anonymous_17)
DA:1,3
DA:2,3
DA:4,3
DA:5,3
DA:6,3
DA:14,3
DA:15,198
DA:16,198
DA:17,198
DA:19,198
DA:20,4
DA:21,3
DA:22,3
DA:24,3
DA:28,3
DA:30,3
DA:31,1
DA:35,198
DA:36,3
DA:37,3
DA:39,3
DA:40,2
DA:41,1
DA:46,198
DA:47,46
DA:48,46
DA:49,1
DA:50,1
DA:54,198
DA:57,198
DA:67,46
DA:76,6
LF:32
LH:32
BRDA:20,0,0,1
BRDA:20,0,1,3
BRDA:39,1,0,2
BRDA:39,1,1,1
BRDA:47,2,0,3
BRDA:47,2,1,43
BRDA:48,3,0,1
BRDA:48,3,1,45
BRDA:61,4,0,0
BRDA:61,4,1,198
BRDA:63,5,0,52
BRDA:63,5,1,146
BRDA:89,6,0,198
BRDA:89,6,1,128
BRF:14
BRH:13
end_of_record
TN:
SF:assets\components\board\Column.tsx
FN:14,Column
FN:19,(anonymous_11)
FN:31,(anonymous_12)
FN:37,(anonymous_13)
FN:44,(anonymous_14)
FN:50,(anonymous_15)
FN:65,(anonymous_16)
FN:71,(anonymous_17)
FN:85,(anonymous_18)
FN:91,(anonymous_19)
FNF:10
FNH:10
FNDA:78,Column
FNDA:5,(anonymous_11)
FNDA:1,(anonymous_12)
FNDA:3,(anonymous_13)
FNDA:1,(anonymous_14)
FNDA:34,(anonymous_15)
FNDA:33,(anonymous_16)
FNDA:7,(anonymous_17)
FNDA:78,(anonymous_18)
FNDA:129,(anonymous_19)
DA:1,2
DA:2,2
DA:4,2
DA:5,2
DA:6,2
DA:7,2
DA:8,2
DA:14,2
DA:15,78
DA:16,78
DA:17,78
DA:19,78
DA:20,5
DA:21,4
DA:22,4
DA:23,1
DA:24,1
DA:27,3
DA:28,3
DA:29,3
DA:31,3
DA:32,1
DA:33,1
DA:37,78
DA:38,3
DA:40,2
DA:41,2
DA:43,2
DA:44,2
DA:45,1
DA:50,78
DA:51,34
DA:52,34
DA:53,1
DA:54,1
DA:58,78
DA:65,33
DA:71,7
DA:86,78
DA:92,129
LF:40
LH:40
BRDA:20,0,0,1
BRDA:20,0,1,4
BRDA:22,1,0,1
BRDA:22,1,1,3
BRDA:38,2,0,1
BRDA:38,2,1,2
BRDA:43,3,0,2
BRDA:43,3,1,0
BRDA:51,4,0,4
BRDA:51,4,1,30
BRDA:52,5,0,1
BRDA:52,5,1,33
BRDA:61,6,0,40
BRDA:61,6,1,38
BRDA:89,7,0,0
BRDA:89,7,1,78
BRF:16
BRH:14
end_of_record
TN:
SF:assets\components\layout\Header.tsx
FN:5,Header
FN:9,(anonymous_1)
FN:18,(anonymous_2)
FNF:3
FNH:3
FNDA:4,Header
FNDA:1,(anonymous_1)
FNDA:1,(anonymous_2)
DA:2,1
DA:3,1
DA:5,1
DA:6,4
DA:7,4
DA:9,4
DA:10,1
DA:11,1
DA:14,4
DA:16,3
DA:18,1
LF:11
LH:11
BRDA:14,0,0,1
BRDA:14,0,1,3
BRF:2
BRH:2
end_of_record
TN:
SF:assets\components\layout\ProtectedRoute.tsx
FN:5,ProtectedRoute
FNF:1
FNH:1
FNDA:2,ProtectedRoute
DA:2,1
DA:3,1
DA:5,1
DA:6,2
DA:8,2
DA:9,1
DA:12,1
LF:7
LH:7
BRDA:8,0,0,1
BRDA:8,0,1,1
BRF:2
BRH:2
end_of_record
TN:
SF:assets\context\AuthContext.tsx
FN:15,AuthProvider
FN:16,(anonymous_10)
FN:21,(anonymous_11)
FN:27,(anonymous_12)
FN:31,(anonymous_13)
FN:52,useAuth
FNF:6
FNH:6
FNDA:21,AuthProvider
FNDA:16,(anonymous_10)
FNDA:5,(anonymous_11)
FNDA:4,(anonymous_12)
FNDA:1,(anonymous_13)
FNDA:220,useAuth
DA:1,3
DA:3,3
DA:13,3
DA:15,3
DA:16,21
DA:17,16
DA:18,16
DA:21,21
DA:22,5
DA:23,4
DA:24,4
DA:27,21
DA:28,4
DA:31,21
DA:32,1
DA:33,1
DA:34,1
DA:37,21
DA:52,3
DA:53,220
DA:54,219
DA:55,2
DA:57,217
LF:23
LH:23
BRDA:18,0,0,3
BRDA:18,0,1,13
BRDA:54,1,0,2
BRDA:54,1,1,217
BRF:4
BRH:4
end_of_record
TN:
SF:assets\context\BoardContext.tsx
FN:19,BoardProvider
FN:29,useBoard
FNF:2
FNH:2
FNDA:19,BoardProvider
FNDA:76,useBoard
DA:1,2
DA:3,2
DA:10,2
DA:12,2
DA:19,2
DA:20,19
DA:22,19
DA:29,2
DA:30,76
DA:31,75
DA:32,2
DA:34,73
LF:12
LH:12
BRDA:31,0,0,2
BRDA:31,0,1,73
BRF:2
BRH:2
end_of_record
TN:
SF:assets\reducers\boardReducer.ts
FN:3,snapshotBoard
FN:4,(anonymous_1)
FN:26,boardReducer
FN:40,(anonymous_3)
FN:50,(anonymous_4)
FN:56,(anonymous_5)
FN:67,(anonymous_6)
FN:69,(anonymous_7)
FN:84,(anonymous_8)
FN:89,(anonymous_9)
FN:101,(anonymous_10)
FN:106,(anonymous_11)
FN:112,(anonymous_12)
FN:123,(anonymous_13)
FN:125,(anonymous_14)
FN:136,(anonymous_15)
FNF:16
FNH:16
FNDA:3,snapshotBoard
FNDA:7,(anonymous_1)
FNDA:25,boardReducer
FNDA:3,(anonymous_3)
FNDA:6,(anonymous_4)
FNDA:6,(anonymous_5)
FNDA:3,(anonymous_6)
FNDA:3,(anonymous_7)
FNDA:3,(anonymous_8)
FNDA:3,(anonymous_9)
FNDA:10,(anonymous_10)
FNDA:4,(anonymous_11)
FNDA:6,(anonymous_12)
FNDA:3,(anonymous_13)
FNDA:4,(anonymous_14)
FNDA:4,(anonymous_15)
DA:3,7
DA:4,7
DA:26,7
DA:27,25
DA:29,7
DA:32,2
DA:38,1
DA:41,3
DA:48,2
DA:50,6
DA:54,2
DA:57,6
DA:65,1
DA:67,3
DA:70,3
DA:82,1
DA:85,3
DA:89,3
DA:97,4
DA:98,4
DA:99,4
DA:101,10
DA:106,4
DA:107,4
DA:109,4
DA:110,1
DA:112,6
DA:113,3
DA:116,4
DA:120,1
DA:121,1
DA:123,3
DA:126,4
DA:133,1
DA:134,1
DA:137,4
DA:145,2
DA:148,1
LF:38
LH:38
BRDA:27,0,0,7
BRDA:27,0,1,2
BRDA:27,0,2,1
BRDA:27,0,3,2
BRDA:27,0,4,2
BRDA:27,0,5,1
BRDA:27,0,6,1
BRDA:27,0,7,4
BRDA:27,0,8,1
BRDA:27,0,9,1
BRDA:27,0,10,2
BRDA:27,0,11,1
BRDA:41,1,0,1
BRDA:41,1,1,2
BRDA:57,2,0,2
BRDA:57,2,1,4
BRDA:70,3,0,1
BRDA:70,3,1,2
BRDA:85,4,0,1
BRDA:85,4,1,2
BRDA:109,5,0,1
BRDA:109,5,1,3
BRDA:126,6,0,1
BRDA:126,6,1,3
BRDA:137,7,0,1
BRDA:137,7,1,3
BRF:26
BRH:26
end_of_record
